<?xml version="1.0" encoding="UTF-8"?>
<!-- Generated by org.testng.reporters.JUnitReportReporter -->
<testsuite skipped="0" hostname="BabuLaptop" name="automation.seleniumgridtest.GridTest2" tests="1" failures="0" timestamp="2022-10-04T09:59:54 IST" time="32.645" errors="0">
  <testcase name="testGrid2" time="32.645" classname="automation.seleniumgridtest.GridTest2"/>
  <system-out/>
</testsuite> <!-- automation.seleniumgridtest.GridTest2 -->
