<?xml version="1.0" encoding="UTF-8"?>
<!-- Generated by org.testng.reporters.JUnitReportReporter -->
<testsuite skipped="0" hostname="BabuLaptop" name="automation.seleniumgridtest.GridTest1" tests="1" failures="0" timestamp="2022-10-04T09:59:54 IST" time="20.544" errors="0">
  <testcase name="testGrid1" time="20.544" classname="automation.seleniumgridtest.GridTest1"/>
  <system-out/>
</testsuite> <!-- automation.seleniumgridtest.GridTest1 -->
